[0m 43s (100 3.3333333333333335%) 2.5917]
A	the tha the be bet the ghas a
Mer lowe wee beaftars th  hin rwithing thers wate alc hey som hapore  

[1m 25s (200 6.666666666666667%) 2.4207]
A
the wemer weruwis I roiss were? ousnad shere thew, listinginged buves and I sosed tha hawt,s hapten 

[2m 8s (300 10.0%) 2.2773]
As ite there wadded in ut oncack und ry-thed sa mall a 'so pusteld to tamer Ir not eregached boup mlo 

[2m 56s (400 13.333333333333334%) 2.0128]
A
wone whe sipittase, afled and cand and wand be a bow Espove tore was selt.'

The fame and, in in it 

[3m 39s (500 16.666666666666664%) 1.9384]
As the at when the has the knase teecers to hrome herE

hes, beat by ined douny on was belootinded be 

[4m 29s (600 20.0%) 1.9805]
Abcondely
beanker; I farker, his whle ally to gaid that hat I with her theilly to comind for amaid wi 

[5m 28s (700 23.333333333333332%) 2.0860]
A for, wrom gece to and to snout; but I her a dastred had sead it to to dim,
one for Mave her!' do kn 

[6m 31s (800 26.666666666666668%) 1.9694]
Ad had him his were wime with on his time tame himpered the fat me tandonate tulloud of khout Mr. Tha 

[7m 29s (900 30.0%) 1.6912]
A said 
what with afle wous the pencase the pike to cair, the doing Est a knother.  "No with the mopu 

[8m 23s (1000 33.33333333333333%) 2.0449]
A on his drainting's epuption made that May to that 
to con the disa pectrove a mefting the and was s 

[9m 18s (1100 36.666666666666664%) 1.7734]
An a went for as mong there bobe sise somences ming of compars whish to himsed of shat I liged to me  

[10m 4s (1200 40.0%) 1.7037]
All somethed he comply to
so light one, with the, and lant.  The wate mornohing him mate her toom as  

[10m 46s (1300 43.333333333333336%) 1.9011]
Ad at at with 
the which his parth, as had nake
he?
When my haviss a she little the would my shand, M 

[11m 28s (1400 46.666666666666664%) 1.6671]
As were thering deation, anders a Mard Miss; was on the
asing 
norethicat, or you 
nof in threatian s 

[12m 10s (1500 50.0%) 1.5879]
Akn, on.  I's again that can muule sention.  At bugh of
thout the pade a viced a vistauscaaunded down 

[12m 53s (1600 53.333333333333336%) 1.6942]
A his was not dene foire up it with on his a man threes of the caned, Ducas of were tort.'

'My buck  

[13m 36s (1700 56.666666666666664%) 1.6914]
As was ould on the pearly new the wall the know.

  Chirs receal to it upon that and had any dispicus 

[14m 18s (1800 60.0%) 1.7844]
At stained hour sees every of mockinded - Mr. Cerlessed marks 
and he of his blade of the lough the m 

[15m 0s (1900 63.33333333333333%) 1.6539]
A so any age.  Thole some a enepted was his lose you no farsher 'What rest the carred to them shount  

[15m 42s (2000 66.66666666666666%) 2.0013]
A another over had sunduck when at the sion; wish the feartish there his me another againtly.

'I was 

[16m 24s (2100 70.0%) 1.7458]
A back of a for
the trise, and be into it in a were hore walker.'

'Usseen an into the but spough to  

[17m 6s (2200 73.33333333333333%) 1.4321]
A gunwine at the flight, she I such the
beculler with the trive 
his conquill, though as the I take m 

[17m 49s (2300 76.66666666666667%) 1.7534]
Aside the will
them, thewe upon.

   He ince of parciads and been - wonding-terter into and a neurcal 

[18m 31s (2400 80.0%) 1.6274]
Agrenionced to enting the day.  Sfecime the distoned in her notred intually prind 
who had my her hee 

[19m 13s (2500 83.33333333333334%) 1.5205]
Absurst that the went, as befweith was either with well to be after a eurs, in shouthing him shat int 

[19m 56s (2600 86.66666666666667%) 1.7517]
As I was 
room over said you replise corner for the Hound
that Peggotty then any heave, his night.  ' 

[20m 38s (2700 90.0%) 1.5779]
As and not many 
greatly frother fired, is the some time to hears the tome appled they were in there  

[21m 20s (2800 93.33333333333333%) 1.6531]
A Grewgive of the sever in his to a hank as recamelose to enept uper, 'Ceriness to adrow me well to m 

[22m 2s (2900 96.66666666666667%) 1.6296]
AS He long when I wancing remarked as his chench, when the Frof this no
jouritoness, that the supprou 

[22m 45s (3000 100.0%) 1.4032]
A Lard-grance, and the down before from my since in his peal at the have the bost
no outel of mind li 

