
Training model with learning rate: 0.5
Epoch 100/3000 | Loss: 4.3605
Epoch 200/3000 | Loss: 3.8682
Epoch 300/3000 | Loss: 3.0400
Epoch 400/3000 | Loss: 3.4526
Epoch 500/3000 | Loss: 3.1385
Epoch 600/3000 | Loss: 2.9764
Epoch 700/3000 | Loss: 3.5418
Epoch 800/3000 | Loss: 3.6811
Epoch 900/3000 | Loss: 4.2425
Epoch 1000/3000 | Loss: 3.5732
Epoch 1100/3000 | Loss: 3.0945
Epoch 1200/3000 | Loss: 3.1196
Epoch 1300/3000 | Loss: 3.7390
Epoch 1400/3000 | Loss: 2.8735
Epoch 1500/3000 | Loss: 3.0781
Epoch 1600/3000 | Loss: 3.5807
Epoch 1700/3000 | Loss: 3.0536
Epoch 1800/3000 | Loss: 2.9618
Epoch 1900/3000 | Loss: 3.3740
Epoch 2000/3000 | Loss: 4.2458
Epoch 2100/3000 | Loss: 3.1813
Epoch 2200/3000 | Loss: 4.4379
Epoch 2300/3000 | Loss: 3.2034
Epoch 2400/3000 | Loss: 3.2824
Epoch 2500/3000 | Loss: 3.1542
Epoch 2600/3000 | Loss: 2.8705
Epoch 2700/3000 | Loss: 2.9847
Epoch 2800/3000 | Loss: 3.4360
Epoch 2900/3000 | Loss: 2.8705
Epoch 3000/3000 | Loss: 3.2129


Training completed for learning rate 0.5. Final loss: 3.212862548828125



Training model with learning rate: 0.1
Epoch 100/3000 | Loss: 2.6462
Epoch 200/3000 | Loss: 2.5618
Epoch 300/3000 | Loss: 2.5377
Epoch 400/3000 | Loss: 2.5777
Epoch 500/3000 | Loss: 2.5658
Epoch 600/3000 | Loss: 2.5465
Epoch 700/3000 | Loss: 2.4659
Epoch 800/3000 | Loss: 2.6077
Epoch 900/3000 | Loss: 2.4301
Epoch 1000/3000 | Loss: 2.4368
Epoch 1100/3000 | Loss: 2.3549
Epoch 1200/3000 | Loss: 2.3879
Epoch 1300/3000 | Loss: 2.4365
Epoch 1400/3000 | Loss: 2.3904
Epoch 1500/3000 | Loss: 2.1735
Epoch 1600/3000 | Loss: 2.1919
Epoch 1700/3000 | Loss: 2.5077
Epoch 1800/3000 | Loss: 2.4931
Epoch 1900/3000 | Loss: 2.3566
Epoch 2000/3000 | Loss: 2.3504
Epoch 2100/3000 | Loss: 2.4135
Epoch 2200/3000 | Loss: 2.7172
Epoch 2300/3000 | Loss: 2.3560
Epoch 2400/3000 | Loss: 2.4694
Epoch 2500/3000 | Loss: 2.5239
Epoch 2600/3000 | Loss: 2.3834
Epoch 2700/3000 | Loss: 2.6392
Epoch 2800/3000 | Loss: 3.6835
Epoch 2900/3000 | Loss: 2.7160
Epoch 3000/3000 | Loss: 2.5240


Training completed for learning rate 0.1. Final loss: 2.5240461730957033



Training model with learning rate: 0.05
Epoch 100/3000 | Loss: 2.7122
Epoch 200/3000 | Loss: 2.4352
Epoch 300/3000 | Loss: 2.1116
Epoch 400/3000 | Loss: 2.2787
Epoch 500/3000 | Loss: 2.3340
Epoch 600/3000 | Loss: 2.1328
Epoch 700/3000 | Loss: 2.2803
Epoch 800/3000 | Loss: 2.2985
Epoch 900/3000 | Loss: 2.2536
Epoch 1000/3000 | Loss: 2.3101
Epoch 1100/3000 | Loss: 2.1715
Epoch 1200/3000 | Loss: 2.2704
Epoch 1300/3000 | Loss: 2.3220
Epoch 1400/3000 | Loss: 2.4257
Epoch 1500/3000 | Loss: 2.1081
Epoch 1600/3000 | Loss: 2.2878
Epoch 1700/3000 | Loss: 2.0259
Epoch 1800/3000 | Loss: 2.1612
Epoch 1900/3000 | Loss: 2.2043
Epoch 2000/3000 | Loss: 1.9208
Epoch 2100/3000 | Loss: 2.1811
Epoch 2200/3000 | Loss: 2.2187
Epoch 2300/3000 | Loss: 2.4154
Epoch 2400/3000 | Loss: 1.9996
Epoch 2500/3000 | Loss: 2.0970
Epoch 2600/3000 | Loss: 2.2092
Epoch 2700/3000 | Loss: 2.1311
Epoch 2800/3000 | Loss: 2.0669
Epoch 2900/3000 | Loss: 2.1546
Epoch 3000/3000 | Loss: 2.3484


Training completed for learning rate 0.05. Final loss: 2.3483811950683595



Training model with learning rate: 0.01
Epoch 100/3000 | Loss: 2.3787
Epoch 200/3000 | Loss: 2.1539
Epoch 300/3000 | Loss: 2.1988
Epoch 400/3000 | Loss: 1.8142
Epoch 500/3000 | Loss: 2.0040
Epoch 600/3000 | Loss: 1.9626
Epoch 700/3000 | Loss: 1.8949
Epoch 800/3000 | Loss: 2.0906
Epoch 900/3000 | Loss: 1.9345
Epoch 1000/3000 | Loss: 2.0082
Epoch 1100/3000 | Loss: 1.9097
Epoch 1200/3000 | Loss: 1.8335
Epoch 1300/3000 | Loss: 1.8123
Epoch 1400/3000 | Loss: 1.7671
Epoch 1500/3000 | Loss: 1.6935
Epoch 1600/3000 | Loss: 1.7585
Epoch 1700/3000 | Loss: 1.8739
Epoch 1800/3000 | Loss: 1.7498
Epoch 1900/3000 | Loss: 1.9579
Epoch 2000/3000 | Loss: 1.7778
Epoch 2100/3000 | Loss: 1.9008
Epoch 2200/3000 | Loss: 1.7354
Epoch 2300/3000 | Loss: 1.6108
Epoch 2400/3000 | Loss: 1.9579
Epoch 2500/3000 | Loss: 1.8550
Epoch 2600/3000 | Loss: 1.6902
Epoch 2700/3000 | Loss: 1.4307
Epoch 2800/3000 | Loss: 1.4876
Epoch 2900/3000 | Loss: 1.5114
Epoch 3000/3000 | Loss: 1.4787


Training completed for learning rate 0.01. Final loss: 1.4787210083007813



Training model with learning rate: 0.001
Epoch 100/3000 | Loss: 2.8289
Epoch 200/3000 | Loss: 2.7133
Epoch 300/3000 | Loss: 2.5140
Epoch 400/3000 | Loss: 2.1969
Epoch 500/3000 | Loss: 2.2807
Epoch 600/3000 | Loss: 2.1343
Epoch 700/3000 | Loss: 2.0851
Epoch 800/3000 | Loss: 2.1757
Epoch 900/3000 | Loss: 2.1065
Epoch 1000/3000 | Loss: 2.2510
Epoch 1100/3000 | Loss: 2.0287
Epoch 1200/3000 | Loss: 2.1639
Epoch 1300/3000 | Loss: 2.1207
Epoch 1400/3000 | Loss: 1.9986
Epoch 1500/3000 | Loss: 2.0336
Epoch 1600/3000 | Loss: 2.0034
Epoch 1700/3000 | Loss: 1.9454
Epoch 1800/3000 | Loss: 1.9955
Epoch 1900/3000 | Loss: 1.8169
Epoch 2000/3000 | Loss: 1.8694
Epoch 2100/3000 | Loss: 2.0313
Epoch 2200/3000 | Loss: 2.0025
Epoch 2300/3000 | Loss: 1.7019
Epoch 2400/3000 | Loss: 1.9697
Epoch 2500/3000 | Loss: 1.7672
Epoch 2600/3000 | Loss: 1.8937
Epoch 2700/3000 | Loss: 1.6408
Epoch 2800/3000 | Loss: 1.9083
Epoch 2900/3000 | Loss: 1.8091
Epoch 3000/3000 | Loss: 1.7594


Training completed for learning rate 0.001. Final loss: 1.7593782043457031



Training model with learning rate: 0.0005
Epoch 100/3000 | Loss: 3.1228
Epoch 200/3000 | Loss: 2.6488
Epoch 300/3000 | Loss: 2.5647
Epoch 400/3000 | Loss: 2.4073
Epoch 500/3000 | Loss: 2.3177
Epoch 600/3000 | Loss: 2.5935
Epoch 700/3000 | Loss: 2.5492
Epoch 800/3000 | Loss: 2.2853
Epoch 900/3000 | Loss: 2.3528
Epoch 1000/3000 | Loss: 2.3502
Epoch 1100/3000 | Loss: 2.2248
Epoch 1200/3000 | Loss: 2.2174
Epoch 1300/3000 | Loss: 2.2231
Epoch 1400/3000 | Loss: 2.1450
Epoch 1500/3000 | Loss: 1.9625
Epoch 1600/3000 | Loss: 2.1339
Epoch 1700/3000 | Loss: 2.1551
Epoch 1800/3000 | Loss: 2.1865
Epoch 1900/3000 | Loss: 1.9598
Epoch 2000/3000 | Loss: 1.8857
Epoch 2100/3000 | Loss: 2.0111
Epoch 2200/3000 | Loss: 1.8885
Epoch 2300/3000 | Loss: 1.8151
Epoch 2400/3000 | Loss: 1.8495
Epoch 2500/3000 | Loss: 2.0265
Epoch 2600/3000 | Loss: 2.0839
Epoch 2700/3000 | Loss: 2.0190
Epoch 2800/3000 | Loss: 1.8572
Epoch 2900/3000 | Loss: 1.9354
Epoch 3000/3000 | Loss: 1.9816


Training completed for learning rate 0.0005. Final loss: 1.9815579223632813



Training model with learning rate: 0.0001
Epoch 100/3000 | Loss: 3.3351
Epoch 200/3000 | Loss: 3.1835
Epoch 300/3000 | Loss: 2.9523
Epoch 400/3000 | Loss: 2.9713
Epoch 500/3000 | Loss: 2.9458
Epoch 600/3000 | Loss: 2.8807
Epoch 700/3000 | Loss: 3.1394
Epoch 800/3000 | Loss: 2.8946
Epoch 900/3000 | Loss: 3.0194
Epoch 1000/3000 | Loss: 2.6429
Epoch 1100/3000 | Loss: 2.7535
Epoch 1200/3000 | Loss: 2.6920
Epoch 1300/3000 | Loss: 2.7237
Epoch 1400/3000 | Loss: 2.7071
Epoch 1500/3000 | Loss: 2.6424
Epoch 1600/3000 | Loss: 2.5628
Epoch 1700/3000 | Loss: 2.5160
Epoch 1800/3000 | Loss: 3.0235
Epoch 1900/3000 | Loss: 2.8331
Epoch 2000/3000 | Loss: 2.4240
Epoch 2100/3000 | Loss: 2.3079
Epoch 2200/3000 | Loss: 2.7292
Epoch 2300/3000 | Loss: 2.4268
Epoch 2400/3000 | Loss: 2.3494
Epoch 2500/3000 | Loss: 2.6021
Epoch 2600/3000 | Loss: 2.2129
Epoch 2700/3000 | Loss: 2.4632
Epoch 2800/3000 | Loss: 2.3001
Epoch 2900/3000 | Loss: 2.4066
Epoch 3000/3000 | Loss: 2.3428


Training completed for learning rate 0.0001. Final loss: 2.3428468322753906


0 0.5 [8.68236328125, 8.55228759765625, 10.599832763671875, 5.7101983642578125, 5.7172784423828125, 4.298299255371094, 4.097677307128906, 4.3874969482421875, 4.362498168945312, 4.360487365722657, 3.856473083496094, 4.567554016113281, 4.01690185546875, 4.050353088378906, 4.216299438476563, 4.210325317382813, 3.537355651855469, 3.3366741943359375, 3.28210205078125, 3.8682470703125, 3.5307882690429686, 3.793519287109375, 5.3624365234375, 3.6346694946289064, 3.3729678344726564, 3.652551574707031, 3.683868103027344, 4.9455328369140625, 3.5347686767578126, 3.0399822998046875, 2.9177679443359374, 2.929518127441406, 3.321249694824219, 2.886818542480469, 3.489166564941406, 3.4246182250976562, 4.347021179199219, 4.626343994140625, 3.4791384887695314, 3.45263671875, 3.6051712036132812, 3.1191860961914064, 4.998098754882813, 4.102849426269532, 3.5560794067382813, 3.214969482421875, 4.671284790039063, 7.9176702880859375, 4.1098153686523435, 3.138504943847656, 3.117582092285156, 2.995821838378906, 8.438985595703125, 6.440844116210937, 3.542400207519531, 3.16971435546875, 3.658672180175781, 3.3465167236328126, 8.116928100585938, 2.976399230957031, 3.3140679931640626, 5.88946044921875, 3.291093444824219, 3.9940093994140624, 4.191065673828125, 3.559359130859375, 5.344046630859375, 4.045351867675781, 5.003135070800782, 3.541810302734375, 3.613270568847656, 3.397394104003906, 3.1115057373046877, 3.372005615234375, 3.986142883300781, 3.2364605712890624, 3.023667907714844, 3.278977966308594, 3.562196044921875, 3.681135559082031, 3.226893310546875, 3.4535015869140624, 3.1840524291992187, 3.2452664184570312, 4.165966186523438, 2.8341357421875, 3.5600790405273437, 3.480393981933594, 3.219700927734375, 4.242452392578125, 3.7358868408203123, 3.5723919677734375, 3.00122802734375, 3.555469970703125, 2.665308837890625, 2.8570172119140627, 2.986874694824219, 3.3371127319335936, 2.9298419189453124, 3.5732437133789063, 3.2226937866210936, 3.2033099365234374, 2.8960525512695314, 2.975205078125, 3.6961898803710938, 4.153519592285156, 3.217773742675781, 2.926484375, 3.3327713012695312, 3.0945367431640625, 3.029787902832031, 3.1926620483398436, 3.053040771484375, 3.3824371337890624, 2.9911669921875, 3.747234191894531, 3.81293212890625, 3.277940368652344, 2.9060626220703125, 3.119623718261719, 2.8307794189453124, 3.2039776611328126, 3.0025079345703123, 3.167051086425781, 3.0680291748046873, 2.9518670654296875, 3.40780029296875, 3.0226702880859375, 3.1367425537109375, 3.7390377807617186, 2.9783782958984375, 3.0558697509765627, 3.869040832519531, 3.316397705078125, 6.120475463867187, 3.205167236328125, 2.9465371704101564, 3.026748046875, 3.025545349121094, 2.873473815917969, 2.793739929199219, 3.0062451171875, 3.4416213989257813, 4.325864868164063, 3.80735595703125, 3.4221142578125, 3.2368621826171875, 2.9778213500976562, 3.050284729003906, 3.0780899047851564, 2.777385559082031, 3.0749639892578124, 3.3232159423828125, 3.2584564208984377, 3.1529852294921876, 3.04311279296875, 3.0106460571289064, 5.17819091796875, 3.0165020751953127, 3.5806869506835937, 2.9698406982421877, 2.9430938720703126, 3.835806884765625, 3.1736636352539063, 2.8146896362304688, 3.0628668212890626, 3.037403259277344, 3.429323425292969, 3.119266357421875, 3.0536297607421874, 2.9077471923828124, 4.2773809814453125, 2.944259033203125, 4.031913146972657, 2.9485232543945314, 3.2086846923828123, 3.1939883422851563, 3.244888916015625, 3.3866476440429687, 2.961844177246094, 3.063311767578125, 3.134473876953125, 3.0147085571289063, 3.346269226074219, 3.221875, 3.6715875244140626, 3.3526202392578126, 3.16026123046875, 2.976289978027344, 3.3739910888671876, 4.773578186035156, 2.6514706420898437, 3.0756655883789064, 2.9531036376953126, 3.8848800659179688, 3.241080322265625, 2.817572021484375, 3.4221261596679686, 4.2088796997070315, 4.245846557617187, 5.087529907226562, 3.637545471191406, 2.9852554321289064, 2.9098550415039064, 3.144105224609375, 3.02110107421875, 3.007613525390625, 2.8779727172851564, 2.9379623413085936, 3.1813308715820314, 3.029493713378906, 3.4467648315429686, 3.568523254394531, 3.3428775024414064, 3.108448181152344, 3.046170654296875, 2.959703369140625, 2.945731506347656, 2.860242919921875, 4.43787109375, 2.909923095703125, 3.163293762207031, 4.2333135986328125, 3.0211688232421876, 2.904566650390625, 3.4026531982421875, 3.2863058471679687, 3.1191162109375, 2.8758367919921874, 3.20336669921875, 2.631370849609375, 2.7292214965820314, 2.7504446411132815, 3.4220404052734374, 2.9698196411132813, 2.760586853027344, 2.5992840576171874, 3.5753207397460938, 3.1246551513671874, 3.2824050903320314, 3.252972412109375, 3.231644287109375, 3.1781301879882813, 2.8975564575195314, 3.754853515625, 2.9052850341796876, 2.7717095947265626, 3.173039855957031, 3.395857238769531, 3.1542303466796877, 2.8911993408203127, 2.9717276000976565, 3.1221188354492186, 3.0901809692382813, 2.78388916015625, 3.351795654296875, 3.0679702758789062, 3.2789157104492186, 2.7361285400390627, 2.870517578125, 3.079359436035156, 2.7230050659179685, 6.37588134765625, 2.56357421875, 3.2378158569335938, 3.906651916503906, 2.545699462890625, 2.920513000488281, 2.800495300292969, 2.9846865844726564, 2.9982925415039063, 2.8329071044921874, 2.6885812377929685, 2.7826953125, 3.1244741821289064, 3.0626715087890624, 3.2551535034179686, 3.0270144653320314, 4.101207275390625, 3.4359710693359373, 3.0359588623046876, 2.9575936889648435, 2.9794680786132814, 2.9354562377929687, 2.8924221801757812, 3.0140042114257812, 2.7579388427734375, 2.569530334472656, 3.0637588500976562, 2.870494384765625, 3.197625732421875, 2.9849728393554686, 2.9370416259765624, 2.7747671508789065, 3.025856628417969, 3.303477478027344, 2.593181457519531, 2.838084411621094, 3.2063140869140625, 3.212862548828125]
1 0.1 [3.1152935791015626, 2.998010559082031, 3.176595458984375, 3.682785949707031, 3.1985955810546876, 2.9065097045898436, 2.7053073120117186, 2.7070431518554687, 2.7562734985351565, 2.6462173461914062, 2.8100555419921873, 2.697274475097656, 2.726968994140625, 3.219568786621094, 2.681050109863281, 2.7461392211914064, 2.691820068359375, 2.61274169921875, 2.646325988769531, 2.561819763183594, 2.6591656494140623, 2.558929748535156, 2.614498291015625, 2.54832763671875, 2.693717041015625, 2.449592742919922, 2.7011761474609375, 2.7943109130859374, 2.68185302734375, 2.537660675048828, 2.7189935302734374, 2.6676080322265623, 2.726793212890625, 2.7296408081054686, 2.6695932006835936, 2.5614166259765625, 2.630693359375, 2.726148681640625, 2.681817626953125, 2.5777154541015626, 2.59441650390625, 2.480321807861328, 2.8647225952148436, 2.6242279052734374, 2.7781719970703125, 2.65997802734375, 3.1281964111328127, 2.5414503479003905, 2.440196075439453, 2.565838623046875, 2.8538076782226565, 2.601246643066406, 2.419513854980469, 2.2860089111328126, 2.776963195800781, 2.427847595214844, 2.5149874877929688, 2.6584918212890627, 2.545817565917969, 2.5465411376953124, 2.6489901733398438, 2.6063189697265625, 2.522980499267578, 2.3115888977050782, 2.5284072875976564, 2.575835876464844, 2.4474838256835936, 2.2615423583984375, 2.49446044921875, 2.465898895263672, 2.438137969970703, 2.440096740722656, 2.425545959472656, 2.3827163696289064, 2.592398986816406, 2.4184320068359373, 2.5800070190429687, 2.3704655456542967, 2.1856414794921877, 2.6076995849609377, 2.3256944274902343, 2.3654237365722657, 2.434597930908203, 2.4792544555664064, 2.3927951049804688, 2.534327392578125, 2.4642498779296873, 2.389750213623047, 2.5059674072265623, 2.4301446533203124, 2.6555960083007815, 2.5336312866210937, 2.555504150390625, 2.4886178588867187, 2.355732727050781, 2.440755157470703, 2.209972686767578, 2.4188887023925782, 2.1937246704101563, 2.4368051147460936, 2.3290061950683594, 2.3029029846191404, 2.5591062927246093, 2.3818789672851564, 2.3090943908691406, 2.5042755126953127, 2.208246307373047, 2.664171142578125, 2.3466600036621093, 2.354921417236328, 3.1014959716796877, 2.3375234985351563, 2.5314732360839844, 2.4591578674316406, 2.489291076660156, 2.2080995178222658, 2.5704336547851563, 2.4075685119628907, 2.4846318054199217, 2.387880859375, 2.33428955078125, 2.5639498901367186, 2.1945806884765626, 3.3652462768554687, 2.5463351440429687, 2.9653280639648436, 2.4778317260742186, 2.6387533569335937, 2.4796414184570312, 2.4365203857421873, 2.531502685546875, 2.454298095703125, 2.404499359130859, 2.3433956909179687, 2.474735107421875, 2.238828125, 2.369243469238281, 2.5566265869140623, 2.6101336669921875, 2.390367126464844, 2.3225770568847657, 2.678231506347656, 2.4879180908203127, 2.480635223388672, 2.355421905517578, 2.289400177001953, 2.5823489379882814, 2.274266815185547, 2.265943908691406, 2.173539276123047, 2.2608119201660157, 2.5007054138183595, 2.620649719238281, 2.9543417358398436, 2.390105743408203, 2.2051152038574218, 2.4444515991210936, 2.342645721435547, 2.354353332519531, 2.1918898010253907, 2.4535719299316407, 2.14947265625, 2.680055847167969, 2.4827459716796874, 2.6025704956054687, 2.346182403564453, 2.4481483459472657, 2.4420701599121095, 2.3704103088378905, 2.5076576232910157, 2.361767578125, 2.347281494140625, 2.242268371582031, 2.287855529785156, 2.502063751220703, 2.4037542724609375, 2.445700988769531, 2.3346299743652343, 2.291323547363281, 2.49313232421875, 2.3542913818359374, 2.373221435546875, 2.3339678955078127, 2.531282653808594, 2.290782470703125, 2.6522531127929687, 2.098260955810547, 2.392145233154297, 2.3026268005371096, 2.356576385498047, 2.497733612060547, 2.3685336303710938, 2.2530140686035156, 2.3458631896972655, 2.6799761962890627, 2.3977435302734373, 2.4030433654785157, 2.2563711547851564, 2.6055264282226562, 2.3504287719726564, 2.4151431274414064, 2.3651734924316408, 2.39394287109375, 2.3082009887695314, 2.197921142578125, 2.3659107971191404, 2.4224581909179688, 2.2587152099609376, 2.35014404296875, 2.413502197265625, 2.369324188232422, 2.507349395751953, 2.4213487243652345, 2.2977250671386718, 2.6097430419921874, 2.295521240234375, 2.449926452636719, 2.3767074584960937, 2.3528265380859374, 2.7171670532226564, 2.5302325439453126, 2.33872314453125, 2.4728895568847657, 2.3177008056640624, 2.3613812255859377, 2.3349598693847655, 2.3634063720703127, 2.1594630432128907, 2.216469268798828, 2.356010284423828, 2.2812371826171876, 2.260546112060547, 2.6283062744140624, 2.4329396057128907, 2.304605712890625, 2.705352783203125, 2.4349549865722655, 2.5788201904296875, 2.4098492431640626, 2.4694154357910154, 2.7456103515625, 2.314791259765625, 2.413213195800781, 2.2939212036132814, 2.308596496582031, 2.059806365966797, 2.307533721923828, 2.3751483154296875, 2.396108856201172, 2.523948059082031, 2.6186395263671876, 2.4515585327148437, 2.491555480957031, 2.4779347229003905, 2.3509521484375, 2.3819349670410155, 2.3446971130371095, 2.2773291015625, 2.3886102294921874, 2.383358154296875, 2.437295684814453, 2.4292807006835937, 2.5178538513183595, 2.6019622802734377, 2.1794389343261718, 2.5693133544921873, 2.309608917236328, 2.396245422363281, 2.509375, 2.639246826171875, 2.250419921875, 2.2877354431152344, 2.1517819213867186, 2.4724502563476562, 2.1638685607910157, 2.218874664306641, 2.225589599609375, 2.4574346923828125, 2.6022525024414063, 3.683530578613281, 2.602355651855469, 2.134455261230469, 2.1533273315429686, 2.3752366638183595, 2.4150177001953126, 2.367633056640625, 2.351720428466797, 2.5421795654296875, 2.2237451171875, 2.715977783203125, 2.217760009765625, 2.5656338500976563, 2.2903282165527346, 2.4061895751953126, 2.3717601013183596, 2.202475738525391, 2.4334503173828126, 2.2791098022460936, 2.4271360778808595, 2.5240461730957033]
2 0.05 [3.4493316650390624, 3.182737121582031, 3.0891995239257812, 2.7643798828125, 2.8665325927734373, 2.6643206787109377, 2.7340634155273436, 2.614637451171875, 2.8598123168945313, 2.7122177124023437, 2.588719787597656, 2.635650634765625, 2.7430377197265625, 2.4852569580078123, 2.3804830932617187, 2.373851470947266, 2.6066470336914063, 3.1553033447265624, 2.503487548828125, 2.435239715576172, 2.6402902221679687, 2.2733309936523436, 2.4112001037597657, 2.32094482421875, 2.386790771484375, 2.5177761840820314, 2.3758177185058593, 2.4866769409179685, 2.4585882568359376, 2.1115676879882814, 2.446147918701172, 2.3656944274902343, 2.46014892578125, 2.439844055175781, 2.507382507324219, 2.275205535888672, 2.6176983642578127, 2.3424822998046877, 2.3502716064453124, 2.278688659667969, 2.1326206970214843, 2.442239227294922, 2.2936419677734374, 2.2424055480957032, 2.2683567810058594, 2.394497985839844, 2.1759652709960937, 2.442308349609375, 2.364940490722656, 2.3339826965332033, 2.3125640869140627, 2.018863067626953, 2.2323643493652345, 2.2520164489746093, 2.1329893493652343, 2.415607757568359, 2.188445739746094, 2.25508544921875, 2.271941680908203, 2.132817840576172, 2.5374267578125, 2.2496238708496095, 2.60052001953125, 2.3546250915527343, 2.1534877014160156, 2.2462034606933594, 2.29927490234375, 2.200262451171875, 2.2791511535644533, 2.2802732849121092, 2.300091094970703, 2.609191589355469, 2.0526307678222655, 2.131772308349609, 2.223483428955078, 2.1065220642089844, 2.138654937744141, 2.2358169555664062, 2.0795219421386717, 2.298462371826172, 2.1787991333007812, 2.23861572265625, 2.091585388183594, 2.0830418395996095, 2.258561096191406, 2.253753204345703, 2.2974624633789062, 2.1309466552734375, 2.229734191894531, 2.2535833740234374, 2.335199737548828, 2.329911956787109, 2.223907775878906, 2.147725830078125, 2.111184539794922, 2.392061309814453, 2.30103759765625, 2.062866668701172, 2.3074969482421874, 2.3100515747070314, 2.336817321777344, 2.1935078430175783, 2.252960662841797, 2.0072349548339843, 2.115670471191406, 2.2716998291015624, 2.1683139038085937, 2.335052947998047, 2.245926513671875, 2.171459503173828, 2.525590667724609, 2.045618591308594, 2.232874755859375, 2.2038670349121094, 2.28424072265625, 2.408238830566406, 1.9798886108398437, 2.1466323852539064, 2.1412644958496094, 2.2703858947753908, 2.180389404296875, 2.3616796875, 2.1479254150390625, 2.0659609985351564, 2.412994689941406, 2.174757385253906, 2.2319451904296876, 2.7325515747070312, 2.4295445251464844, 2.3220220947265626, 2.1653785705566406, 2.1723507690429686, 2.2615765380859374, 2.1424620056152346, 2.3144232177734376, 2.3734873962402343, 2.195612487792969, 2.31844482421875, 2.3757173156738283, 2.425662384033203, 2.0958680725097656, 2.2779627990722657, 2.1780702209472658, 2.1801913452148436, 2.0816299438476564, 2.091302490234375, 1.9217234802246095, 2.1870999145507812, 2.1710824584960937, 2.10806884765625, 2.1061753845214843, 2.369593200683594, 2.933851318359375, 2.1795393371582032, 2.0142178344726562, 1.9745173645019531, 1.9122686767578125, 2.147066345214844, 2.3073291015625, 2.2877618408203126, 2.4238961791992186, 2.314910583496094, 2.1324366760253906, 2.2302450561523437, 2.427201995849609, 2.245628662109375, 2.2710221862792968, 2.1033480834960936, 2.2680181884765624, 2.0258775329589844, 2.119712677001953, 2.316698455810547, 2.1530497741699217, 2.0784976196289064, 2.1180120849609376, 2.0206944274902345, 2.015808410644531, 2.1460134887695315, 2.241388702392578, 2.1612199401855468, 2.2359881591796875, 2.2728732299804686, 2.0621604919433594, 2.2295094299316407, 2.258956298828125, 2.3410890197753904, 2.326204376220703, 2.0637962341308596, 2.13865234375, 2.204335174560547, 2.195178985595703, 2.238140411376953, 2.2743704223632815, 1.986935577392578, 2.4105484008789064, 2.3565625, 2.188168487548828, 2.271717224121094, 2.250992736816406, 1.9208030700683594, 2.1175100708007815, 2.3553822326660154, 2.1081158447265627, 2.6687997436523436, 2.1728861999511717, 2.2047564697265627, 2.108765411376953, 2.2877734375, 2.07268798828125, 2.1811259460449217, 2.054789581298828, 2.0420266723632814, 2.1600604248046875, 2.3137767028808596, 2.073005828857422, 2.2287478637695313, 2.1719805908203127, 2.1847938537597655, 2.4533657836914062, 2.2187210083007813, 2.055045166015625, 2.150607452392578, 2.268964996337891, 2.2537843322753908, 2.231778259277344, 2.0417770385742187, 2.2883050537109373, 2.058269195556641, 2.142944641113281, 2.4154249572753907, 2.354309844970703, 2.2226881408691406, 2.2169146728515625, 2.1767724609375, 2.097273254394531, 2.1882144165039064, 2.245816650390625, 2.1613221740722657, 2.239051513671875, 1.9995806884765626, 2.020576934814453, 2.2359722900390624, 2.295573883056641, 2.1707221984863283, 2.1287664794921874, 1.9514886474609374, 2.1258509826660155, 2.428807373046875, 2.214615936279297, 2.0969911193847657, 2.178323211669922, 2.186409912109375, 2.3155010986328124, 2.2382354736328125, 2.139053955078125, 1.9602633666992189, 2.1063145446777343, 2.1886582946777344, 2.35351318359375, 2.2092056274414062, 2.2754010009765624, 2.161741943359375, 2.1789903259277343, 2.1695489501953125, 1.8501283264160155, 2.1998641967773436, 2.126020660400391, 2.087191467285156, 2.118703155517578, 2.1311427307128907, 2.0535211181640625, 2.1351251220703125, 2.146913757324219, 1.9307554626464845, 2.0760897827148437, 2.126546173095703, 2.2339892578125, 1.9389979553222656, 2.2936630249023438, 2.066908874511719, 2.182591857910156, 2.153642578125, 2.13638916015625, 2.1846194458007813, 2.0787115478515625, 2.225608367919922, 2.103485565185547, 2.238820037841797, 2.2209713745117186, 2.1546217346191407, 2.064516296386719, 2.177301788330078, 2.03421630859375, 2.1747210693359373, 2.175357666015625, 2.220516815185547, 2.1422984313964846, 2.4701882934570314, 2.28229248046875, 2.3483811950683595]
3 0.01 [3.1397698974609374, 3.1785968017578123, 3.1448794555664064, 2.727284240722656, 2.7323675537109375, 2.5281991577148437, 2.6551644897460935, 2.373693084716797, 2.4835848999023438, 2.378687286376953, 2.335357208251953, 2.4374859619140623, 2.310613555908203, 2.4208497619628906, 2.1857759094238283, 2.2316928100585938, 2.401960906982422, 2.3070750427246094, 2.189931182861328, 2.153856201171875, 2.2227377319335937, 2.3048948669433593, 1.9976826477050782, 2.2825286865234373, 2.123353271484375, 2.1556219482421874, 2.198413543701172, 2.2736041259765627, 2.0604789733886717, 2.198796691894531, 2.07820068359375, 1.8975160217285156, 2.1344976806640625, 1.9363523864746093, 2.1045350646972656, 2.0340007019042967, 2.0521719360351565, 1.8581134033203126, 2.14990966796875, 1.814163818359375, 1.978633575439453, 1.925431671142578, 1.9059951782226563, 2.1177546691894533, 2.067371826171875, 2.074085693359375, 1.8108120727539063, 1.9251028442382812, 1.90053955078125, 2.0039862060546874, 2.446155242919922, 2.13428955078125, 2.5084379577636717, 1.8992015075683595, 2.137162170410156, 1.9510089111328126, 1.8520030212402343, 1.8257757568359374, 2.0152632141113282, 1.962579345703125, 1.8210400390625, 1.7960589599609376, 1.9107135009765626, 1.8173524475097655, 2.210168762207031, 1.8178492736816407, 1.9655149841308595, 1.911820068359375, 1.9589566040039061, 1.8948550415039063, 1.855747833251953, 1.9344905090332032, 1.8501651000976562, 1.7771429443359374, 1.8155020141601563, 1.8972023010253907, 1.8576498413085938, 1.93414306640625, 1.8834909057617188, 2.0906436157226564, 2.093240051269531, 1.92343505859375, 1.6152162170410156, 2.056634521484375, 1.8638014221191406, 1.879439697265625, 1.8505886840820311, 1.8002169799804688, 1.9252644348144532, 1.9344512939453125, 1.651645965576172, 1.731602325439453, 2.0674041748046874, 2.1013816833496093, 1.74883544921875, 2.1042491149902345, 1.7888790893554687, 1.9352659606933593, 1.942070770263672, 2.0082246398925783, 1.954663543701172, 1.9748228454589845, 1.898316650390625, 1.9669552612304688, 1.7487216186523438, 1.988236083984375, 1.947379608154297, 1.7986898803710938, 1.7029347229003906, 1.9097285461425781, 1.7606759643554688, 1.6372401428222656, 1.7126011657714844, 1.8845584106445312, 1.8293321228027344, 1.7795716857910155, 1.7589175415039062, 1.7483450317382812, 1.812261505126953, 1.8335023498535157, 1.7523835754394532, 1.6892791748046876, 1.82957275390625, 1.746538848876953, 1.7450392150878906, 1.7917057800292968, 1.8037452697753906, 1.9824589538574218, 1.78503173828125, 1.8122796630859375, 1.9833656311035157, 1.780546875, 1.64288818359375, 1.7027256774902344, 1.8248922729492187, 2.012676239013672, 1.7484730529785155, 1.7361228942871094, 1.7602708435058594, 1.7670509338378906, 2.001832275390625, 1.71130126953125, 1.6760971069335937, 1.9159194946289062, 1.7046661376953125, 1.706871795654297, 2.0388870239257812, 1.83767822265625, 1.8462474060058593, 1.693534393310547, 1.6477053833007813, 1.7872505187988281, 1.6579270935058594, 1.7782685852050781, 1.8025910949707031, 1.8530860900878907, 1.689761199951172, 1.8356965637207032, 1.5611276245117187, 1.7584637451171874, 1.6578143310546876, 1.9444789123535156, 1.8080662536621093, 1.73382080078125, 1.8721644592285156, 1.6734403991699218, 1.6988063049316406, 1.8197508239746094, 1.7305860900878907, 1.8739106750488281, 1.7447268676757812, 1.6556706237792969, 1.6368400573730468, 1.8758619689941407, 1.9213906860351562, 1.771806182861328, 1.944818878173828, 1.8971212768554688, 1.8780900573730468, 1.749769744873047, 1.664303741455078, 1.9560023498535157, 1.9023780822753906, 2.0299798583984376, 1.9375921630859374, 1.6814930725097657, 1.6972097778320312, 1.698390350341797, 1.7497447204589844, 1.9579013061523438, 2.0922100830078123, 1.9467539978027344, 1.961850128173828, 1.8233717346191407, 1.7304132080078125, 1.7534672546386718, 1.889434814453125, 1.7643223571777344, 1.9620420837402344, 1.7778469848632812, 1.4468173217773437, 1.6731175231933593, 1.6631048583984376, 1.932021942138672, 1.8420632934570313, 1.641382598876953, 1.944401092529297, 1.8387391662597656, 1.8651107788085937, 1.9007981872558595, 1.6780067443847657, 1.7782472229003907, 2.012476348876953, 1.6445486450195312, 1.6743476867675782, 1.9459471130371093, 2.1998324584960938, 1.5309468078613282, 1.7050753784179689, 1.7354029846191406, 1.6518354797363282, 1.9434671020507812, 1.708022918701172, 1.8273814392089844, 1.7153807067871094, 1.731527099609375, 1.6151651000976563, 1.8045637512207031, 2.23941650390625, 1.610802001953125, 1.8555044555664062, 1.7214390563964843, 1.733394012451172, 2.034837493896484, 1.364935302734375, 1.7974652099609374, 1.7805558776855468, 1.6080709838867187, 1.8706619262695312, 1.9579441833496094, 1.9523236083984374, 1.536726837158203, 1.7707664489746093, 2.265544128417969, 1.5303042602539063, 1.8633558654785156, 1.79459716796875, 1.720982666015625, 1.6822750854492188, 1.8549879455566407, 1.79929931640625, 1.7651982116699219, 1.4499116516113282, 1.8327688598632812, 1.6008709716796874, 1.6220675659179689, 1.9704795837402345, 1.5578004455566405, 1.5913603210449219, 1.6901609802246094, 1.6556733703613282, 1.7214749145507813, 1.590469512939453, 1.5077304077148437, 1.682672119140625, 1.5726832580566406, 1.574315643310547, 1.8972830200195312, 1.7975566101074218, 1.4307151794433595, 1.5031565856933593, 2.014951477050781, 1.5876055908203126, 1.6079296875, 1.7233395385742187, 1.4894297790527344, 1.798638153076172, 1.7754411315917968, 1.7893939208984375, 1.4876223754882814, 1.7209173583984374, 1.435989532470703, 1.7798860168457031, 1.8342402648925782, 1.7032757568359376, 1.5846255493164063, 1.617761688232422, 1.8757278442382812, 1.8349375915527344, 1.51135009765625, 1.7888674926757813, 1.759396514892578, 1.8426654052734375, 1.6419039916992189, 1.580186309814453, 1.7455343627929687, 1.7386763000488281, 1.6125228881835938, 1.587865753173828, 1.4787210083007813]
4 0.001 [3.981334228515625, 3.273229064941406, 3.3448858642578125, 3.124991455078125, 3.0236801147460937, 3.3297149658203127, 2.9598654174804686, 3.0315557861328126, 3.028137512207031, 2.8288818359375, 2.826263732910156, 2.866018981933594, 2.661366271972656, 2.7956939697265626, 2.80482421875, 2.728126220703125, 2.58100830078125, 2.7527981567382813, 2.6757272338867186, 2.713346252441406, 2.8305908203125, 2.638133850097656, 2.538236389160156, 2.59669677734375, 2.459911346435547, 2.5494786071777344, 2.663214111328125, 2.4347608947753905, 2.3876072692871095, 2.5139910888671877, 2.4563809204101563, 2.4489268493652343, 2.3834793090820314, 2.493513336181641, 2.6658221435546876, 2.469468078613281, 2.2610684204101563, 2.728857116699219, 2.4307766723632813, 2.1969113159179687, 2.3742523193359375, 2.271067810058594, 2.284110260009766, 2.3967816162109377, 2.5036260986328127, 2.469807434082031, 2.2280894470214845, 2.3930322265625, 2.3379617309570313, 2.2806636047363282, 2.1814788818359374, 2.425794677734375, 2.2276853942871093, 2.1246707153320314, 2.4152801513671873, 2.166930694580078, 2.514001770019531, 2.415987854003906, 2.1715777587890623, 2.1343144226074218, 2.5024322509765624, 2.3045222473144533, 2.497725830078125, 2.2031764221191406, 2.2558833312988282, 2.2810124206542968, 2.3662980651855468, 2.1691734313964846, 2.158335723876953, 2.0850901794433594, 2.138846588134766, 2.198558044433594, 2.126032409667969, 2.1319432067871094, 2.1604600524902344, 2.427553253173828, 2.110495147705078, 2.29741943359375, 2.153311767578125, 2.175700988769531, 2.38119140625, 2.157639465332031, 2.192105407714844, 2.3155690002441407, 2.3403619384765624, 2.052767028808594, 2.0014918518066405, 2.12455078125, 2.1550965881347657, 2.1065443420410155, 2.1510385131835936, 2.693548583984375, 2.142301483154297, 1.9718829345703126, 2.0006884765625, 2.2554779052734375, 2.0543023681640626, 2.0572915649414063, 2.270060577392578, 2.2510125732421873, 2.167766418457031, 1.9640617370605469, 2.105343933105469, 1.9778175354003906, 1.98517822265625, 2.324034881591797, 2.1755184936523437, 2.268737335205078, 2.1422186279296875, 2.0286610412597654, 1.96908203125, 2.0365090942382813, 2.1780441284179686, 2.075941314697266, 2.2390792846679686, 2.2570401000976563, 1.9668751525878907, 1.963821563720703, 1.9127963256835938, 2.1638502502441406, 2.1779327392578125, 1.9063438415527343, 2.131952667236328, 1.9846195983886719, 2.2233709716796874, 2.135152130126953, 2.018956298828125, 1.8908221435546875, 1.9236129760742187, 2.1206838989257815, 1.950921630859375, 2.058663024902344, 2.025160217285156, 2.0340280151367187, 2.063029327392578, 1.8939112854003906, 2.0837828063964845, 1.8389979553222657, 2.1095375061035155, 1.9986054992675781, 1.9797805786132812, 1.8983741760253907, 2.047185821533203, 1.9721597290039063, 1.9825868225097656, 1.890052032470703, 2.000344085693359, 1.9281411743164063, 2.297415008544922, 2.033581085205078, 2.105371551513672, 1.8942233276367189, 1.875472412109375, 1.9136470031738282, 1.8983892822265624, 2.048106689453125, 1.9785427856445312, 1.8237620544433595, 1.9593409729003906, 2.0033531188964844, 1.8044721984863281, 1.8725144958496094, 2.0192877197265626, 1.9484733581542968, 1.9293208312988281, 1.9595625305175781, 1.876717071533203, 1.985001983642578, 1.8655973815917968, 1.9453607177734376, 1.9905368041992189, 1.778567352294922, 1.9530789184570312, 1.9364903259277344, 1.835880889892578, 1.9191392517089845, 2.0559310913085938, 2.1596414184570314, 2.020729827880859, 1.9955216979980468, 1.8753558349609376, 1.9244058227539063, 1.8625973510742186, 1.8609333801269532, 1.7755937194824218, 1.923431396484375, 1.9235476684570312, 2.0864927673339846, 2.1153965759277344, 1.816886444091797, 1.9256048583984375, 1.8287506103515625, 1.9301211547851562, 1.780240020751953, 1.9795941162109374, 1.8373936462402343, 1.829876708984375, 1.6249830627441406, 1.8257809448242188, 1.8694242858886718, 1.800420684814453, 2.2454637145996093, 2.06010986328125, 1.884832763671875, 1.9003033447265625, 1.7492359924316405, 2.1330166625976563, 2.2480133056640623, 1.8194712829589843, 2.031260223388672, 1.7689036560058593, 1.9733612060546875, 1.8009934997558594, 1.9240576171875, 1.8317491149902343, 1.9096664428710937, 1.7551220703125, 1.6724830627441407, 1.8229185485839843, 2.0025093078613283, 2.048825531005859, 1.7952667236328126, 1.7357670593261718, 1.7385264587402345, 1.7570097351074219, 1.8752294921875, 1.7188572692871094, 1.7573612976074218, 1.949001007080078, 1.7018630981445313, 1.8848129272460938, 2.219981689453125, 1.7337434387207031, 1.8764120483398437, 2.12334716796875, 1.8410328674316405, 1.8677772521972655, 1.966412353515625, 1.7961532592773437, 1.969678955078125, 1.830828399658203, 1.8720123291015625, 1.743302764892578, 1.798603515625, 1.7088397216796876, 1.7569976806640626, 1.9057331848144532, 1.8940109252929687, 2.0303529357910155, 1.7672309875488281, 1.9603500366210938, 1.5918675231933594, 1.9182745361328124, 1.9496328735351562, 1.89579833984375, 1.993563232421875, 2.0341839599609375, 1.9432554626464844, 1.9834649658203125, 1.8936866760253905, 1.5943580627441407, 1.8635731506347657, 1.779606475830078, 1.8878858947753907, 1.7554618835449218, 1.8019566345214844, 1.8806878662109374, 1.7759394836425781, 1.8003936767578126, 1.640813751220703, 1.8087261962890624, 1.7585012817382812, 1.88909912109375, 1.7966421508789063, 1.774279327392578, 1.8293885803222656, 1.8430223083496093, 2.1268365478515623, 1.8906961059570313, 1.9082933044433594, 1.629464111328125, 1.6720960998535157, 2.030775604248047, 1.6198251342773438, 1.7149627685546875, 1.7723037719726562, 1.5942250061035157, 1.9211024475097656, 1.8053469848632813, 1.8090887451171875, 1.9594740295410156, 2.0503971862792967, 1.7020030212402344, 1.7411076354980468, 1.7914825439453126, 1.7951028442382813, 1.7440863037109375, 1.8012409973144532, 1.9028848266601563, 1.7593782043457031]
5 0.0005 [4.4887109375, 3.8961947631835936, 3.2935354614257815, 3.0998971557617185, 3.1723138427734376, 3.0726107788085937, 3.119640197753906, 3.1120065307617186, 3.1160516357421875, 3.1227703857421876, 3.104334716796875, 2.9679794311523438, 3.0900469970703126, 2.78325439453125, 3.0726577758789064, 2.9699884033203126, 2.818309631347656, 2.8724786376953126, 2.992010192871094, 2.648773498535156, 2.7962890625, 2.848788146972656, 2.782301940917969, 2.6597274780273437, 2.649652404785156, 2.5879037475585935, 2.7837811279296876, 2.6999420166015624, 2.5795248413085936, 2.5646832275390623, 2.7323208618164063, 3.117820129394531, 2.601138916015625, 2.4976947021484377, 2.5864068603515626, 2.572218017578125, 2.712702331542969, 2.7915728759765623, 2.4374244689941404, 2.4072593688964843, 2.4796768188476563, 2.6811834716796876, 2.411232604980469, 2.3824952697753905, 2.370218048095703, 2.3950511169433595, 2.5544520568847657, 2.447543182373047, 2.5680413818359376, 2.317657165527344, 2.639501037597656, 2.3974708557128905, 2.3573175048828126, 2.4495130920410157, 2.3228192138671875, 2.2043817138671873, 2.3863813781738283, 2.408199920654297, 2.637218322753906, 2.593521728515625, 2.5767166137695314, 2.3891946411132814, 2.259194641113281, 2.632918395996094, 2.449320983886719, 2.49346923828125, 2.354597625732422, 2.3077906799316406, 2.439993896484375, 2.549155578613281, 2.2720372009277345, 2.4366468811035156, 2.6313522338867186, 2.222653503417969, 2.388242645263672, 2.46021240234375, 2.3962774658203125, 2.3818789672851564, 2.1768373107910155, 2.2853001403808593, 2.353631896972656, 2.2566627502441405, 2.6906597900390623, 2.299844970703125, 2.383661804199219, 2.1836836242675783, 2.2164393615722657, 2.359008331298828, 2.3288958740234373, 2.3528260803222656, 2.3479080200195312, 2.084164733886719, 2.330818634033203, 2.443345184326172, 2.6099124145507813, 2.415630645751953, 2.332888946533203, 2.1570278930664064, 2.3807826232910156, 2.3501625061035156, 2.376280975341797, 2.3867127990722654, 2.2699545288085936, 2.1487910461425783, 2.1644105529785156, 2.3980421447753906, 2.292542724609375, 2.2073574829101563, 2.198738250732422, 2.2248211669921876, 2.1549205017089843, 2.308288879394531, 2.0082664489746094, 2.286954345703125, 1.9898454284667968, 2.015561065673828, 2.1707728576660155, 2.28889892578125, 2.2297459411621094, 2.217429656982422, 2.3361814880371092, 2.172335662841797, 2.1470851135253906, 2.267728729248047, 2.275709686279297, 2.2652606201171874, 2.202613983154297, 2.054166107177734, 2.073677520751953, 2.2230905151367186, 2.2045602416992187, 2.135704345703125, 2.1588206481933594, 2.2386491394042967, 2.291601104736328, 2.274718780517578, 2.3673219299316406, 2.159446258544922, 1.9678985595703125, 2.1449763488769533, 2.175315399169922, 2.209570007324219, 2.307059326171875, 2.304390411376953, 2.2224559020996093, 2.288127899169922, 2.0075596618652343, 2.078108367919922, 2.390303497314453, 1.9625099182128907, 1.9123753356933593, 2.1847071838378906, 2.1327679443359373, 2.9543753051757813, 2.1586286926269533, 2.1270899963378906, 2.033056640625, 2.1022152709960937, 2.1915879821777344, 2.1338650512695314, 2.4524801635742186, 2.1003706359863283, 2.014756774902344, 2.0027833557128907, 2.142624816894531, 1.836337890625, 2.0059799194335937, 1.9782058715820312, 2.201810150146484, 2.155095977783203, 2.040327606201172, 1.9706486511230468, 2.1887948608398435, 2.0558212280273436, 2.081350860595703, 2.042291564941406, 2.053019256591797, 2.117060546875, 2.127063751220703, 2.186490936279297, 2.0634634399414065, 2.0201266479492186, 1.9380955505371094, 2.013330383300781, 2.1876666259765627, 2.1620771789550783, 2.0512075805664063, 2.0859483337402343, 2.151278228759766, 1.959849853515625, 1.9936257934570312, 2.1609426879882814, 2.316699676513672, 2.0580960083007813, 1.9768597412109374, 2.0089569091796875, 1.8748326110839844, 1.7971383666992187, 2.09719970703125, 1.8857321166992187, 1.8541119384765625, 1.9360552978515626, 2.054864501953125, 1.9171125793457031, 2.0000904846191405, 1.882439422607422, 1.9151004028320313, 2.256461486816406, 1.963670654296875, 2.0111273193359374, 2.204648895263672, 2.0936544799804686, 2.140882873535156, 1.9736224365234376, 1.9611831665039063, 2.127096405029297, 2.0038999938964843, 2.3098880004882814, 2.075048370361328, 1.8885272216796876, 2.297650909423828, 1.9879188537597656, 1.9070005798339844, 1.883134307861328, 1.9266331481933594, 1.8757005310058594, 1.912847137451172, 2.1190142822265625, 2.1528948974609374, 1.8150830078125, 1.9556959533691407, 1.9316995239257813, 2.1053407287597654, 1.8124671936035157, 1.9863632202148438, 1.9505154418945312, 1.8282266235351563, 1.943245391845703, 1.9621975708007813, 1.84953857421875, 1.8889350891113281, 1.8574635314941406, 1.8031631469726563, 1.7868130493164063, 1.9878465270996093, 1.7768980407714843, 2.0781454467773437, 1.852561492919922, 1.9094290161132812, 2.0265492248535155, 1.9607206726074218, 2.225640869140625, 2.1342848205566405, 1.9157821655273437, 1.7356417846679688, 2.359254150390625, 1.937334747314453, 1.900161590576172, 1.8654930114746093, 2.083893127441406, 1.9955380249023438, 1.9935627746582032, 1.8897665405273438, 1.9366732788085939, 1.677158203125, 1.8821463012695312, 2.0191607666015625, 2.130542449951172, 2.174541778564453, 2.0190135192871095, 1.9799697875976563, 2.074646301269531, 1.8756394958496094, 2.038699035644531, 1.9607427978515626, 1.8965992736816406, 2.0811659240722657, 1.8321345520019532, 1.978363037109375, 1.8572068786621094, 1.9432131958007812, 2.06508056640625, 1.8773924255371093, 1.909136962890625, 2.0281446838378905, 2.0064706420898437, 1.9120111083984375, 1.9260414123535157, 2.0678089904785155, 1.9353607177734375, 1.9371223449707031, 1.967557373046875, 1.9588383483886718, 1.8504669189453125, 2.095158996582031, 1.9241856384277343, 1.7510615539550782, 2.010611877441406, 1.9691348266601563, 1.9815579223632813]
6 0.0001 [4.606939086914062, 4.587389831542969, 4.546724548339844, 4.503784790039062, 4.4256005859375, 4.232234497070312, 3.8456497192382812, 3.5574200439453123, 3.359499206542969, 3.3351205444335936, 3.21195068359375, 3.1645993041992186, 3.1516943359375, 3.2626547241210937, 3.0690579223632812, 3.255556945800781, 3.092995300292969, 3.0457693481445314, 3.3215872192382814, 3.183486328125, 3.1958428955078126, 3.063138427734375, 3.20365966796875, 2.9618487548828125, 3.1909503173828124, 3.079267578125, 3.0400955200195314, 3.0162478637695314, 3.0163955688476562, 2.9523126220703126, 3.0912017822265625, 3.0412091064453124, 2.96906494140625, 2.938393249511719, 3.188631896972656, 3.2823663330078126, 2.9875393676757813, 3.08086181640625, 3.0531295776367187, 2.9712655639648435, 3.311007385253906, 2.961827697753906, 3.0990414428710937, 2.9776177978515626, 3.1113226318359377, 2.9469754028320314, 2.986339111328125, 2.9727734375, 3.152834777832031, 2.945803527832031, 3.3031048583984375, 3.117547912597656, 3.070723571777344, 3.0829803466796877, 3.219101867675781, 2.939837646484375, 2.984863586425781, 3.0350942993164063, 3.160033874511719, 2.880717468261719, 2.874822998046875, 3.0129901123046876, 2.8415042114257814, 2.923667297363281, 2.878160400390625, 2.921158447265625, 3.052633972167969, 2.9405975341796875, 2.8750738525390624, 3.1393896484375, 3.0236614990234374, 3.0349151611328127, 2.8567535400390627, 2.828172607421875, 3.13468017578125, 2.7992263793945313, 3.07472412109375, 2.8381472778320314, 3.1115264892578125, 2.894615478515625, 2.9903466796875, 2.865489501953125, 3.021380615234375, 2.909644775390625, 2.795007629394531, 2.947914733886719, 2.868486022949219, 2.742883605957031, 2.8348004150390627, 3.0194442749023436, 2.7103619384765625, 2.723500061035156, 2.8647088623046875, 3.2084561157226563, 3.0122747802734375, 2.90426513671875, 2.663136291503906, 2.8977310180664064, 2.8312448120117186, 2.6429202270507814, 2.6376004028320312, 2.676622314453125, 2.9607315063476562, 2.8721844482421877, 2.7562371826171876, 2.8209707641601565, 2.6854071044921874, 2.729803161621094, 2.7510833740234375, 2.7534805297851563, 2.8640301513671873, 3.0530972290039062, 2.7593283081054687, 2.7778250122070314, 2.643587646484375, 2.8201858520507814, 2.844029846191406, 2.740178527832031, 2.6827203369140626, 2.6920486450195313, 2.617447814941406, 2.585831298828125, 2.6857168579101565, 2.868497009277344, 2.8578945922851564, 2.641626892089844, 2.522825164794922, 2.633040466308594, 2.7654205322265626, 2.7236904907226562, 3.0810256958007813, 2.5976904296875, 2.631378173828125, 2.7527838134765625, 2.478687286376953, 2.648135070800781, 2.6396160888671876, 2.70472900390625, 2.5805291748046875, 2.707133483886719, 2.559425964355469, 2.526999816894531, 2.7774639892578126, 2.591316833496094, 2.422555389404297, 2.6093695068359377, 2.589888916015625, 2.4520257568359374, 2.4720895385742185, 2.642439270019531, 2.5321139526367187, 2.560951843261719, 2.58850341796875, 2.5363848876953123, 2.5576734924316407, 2.662328796386719, 2.678893737792969, 2.560769348144531, 2.475014190673828, 2.562825927734375, 2.501824951171875, 2.4383639526367187, 2.540502471923828, 2.426233673095703, 2.448458404541016, 2.569825439453125, 2.8306265258789063, 2.5641796875, 2.42979736328125, 2.5160206604003905, 2.5650015258789063, 2.6007229614257814, 2.5689041137695314, 2.7703286743164064, 2.543782501220703, 2.4887477111816407, 2.810693359375, 2.399718475341797, 2.688379821777344, 3.023482360839844, 2.7969952392578126, 2.391596221923828, 2.62228515625, 2.471824035644531, 2.322631072998047, 2.7167349243164063, 2.7058233642578124, 2.6230780029296876, 2.5348446655273436, 2.8330734252929686, 2.555103607177734, 2.3489059448242187, 2.697015380859375, 2.3818600463867186, 2.633935546875, 2.3611103820800783, 2.4000700378417967, 2.4848562622070314, 2.570823059082031, 2.4239646911621096, 2.4429866027832032, 2.5009783935546874, 2.653570251464844, 2.5274346923828124, 2.6277120971679686, 2.5170608520507813, 2.405173645019531, 2.4222869873046875, 2.443887023925781, 2.307933044433594, 2.636973876953125, 2.444578857421875, 2.6146279907226564, 2.467068786621094, 2.2903620910644533, 2.453582000732422, 2.7456460571289063, 2.4223373413085936, 2.5871875, 2.729212646484375, 2.2891845703125, 2.564559326171875, 2.4438233947753907, 2.3848651123046873, 2.38284423828125, 2.352144470214844, 2.342681121826172, 2.4351605224609374, 2.567464599609375, 2.426766815185547, 2.3513145446777344, 2.3487277221679688, 2.5283857727050782, 2.493065185546875, 2.5431175231933594, 2.4155348205566405, 2.60986572265625, 2.324412841796875, 2.3813302612304685, 2.349371032714844, 2.3515065002441404, 2.4068988037109373, 2.2828324890136718, 2.53937255859375, 2.2879714965820312, 2.34296142578125, 2.51298828125, 2.314236755371094, 2.423939514160156, 2.602110595703125, 2.5014630126953126, 2.2808453369140627, 2.6445611572265624, 2.507928466796875, 2.364917755126953, 2.3915220642089845, 2.3654180908203126, 2.131845703125, 2.2092572021484376, 2.2129385375976565, 2.4410914611816406, 2.309797515869141, 2.440224151611328, 2.5923980712890624, 2.3345596313476564, 2.5253971862792968, 2.44362060546875, 2.2502737426757813, 2.2871328735351564, 2.463242950439453, 2.481096038818359, 2.4311624145507813, 2.25797119140625, 2.4971687316894533, 2.394186248779297, 2.3791157531738283, 2.2845304870605467, 2.3492355346679688, 2.509962158203125, 2.3000648498535154, 2.456899871826172, 2.301658477783203, 2.28178955078125, 2.611025695800781, 2.4510272216796873, 2.3104302978515623, 2.4064009094238283, 2.3755615234375, 2.3929708862304686, 2.4065565490722656, 2.4051861572265625, 2.427362365722656, 2.3761224365234375, 2.3503466796875, 2.3092304992675783, 2.605867919921875, 2.275814208984375, 2.3502720642089843, 2.4119084167480467, 2.3428468322753906]
